This is pdfTeX, Version 3.14159265-2.6-1.40.17 (TeX Live 2016) (preloaded format=pdflatex 2016.5.22)  5 OCT 2023 13:48
entering extended mode
 restricted \write18 enabled.
 %&-line parsing enabled.
**eccles_cv.tex
(./eccles_cv.tex
LaTeX2e <2016/03/31>
Babel <3.9r> and hyphenation patterns for 83 language(s) loaded.
(./res.cls
Document Style `res' <26 Sep 89>.
Document Class: res 2000/05/19 v1.4b Resume class
(/usr/local/texlive/2016/texmf-dist/tex/latex/base/article.cls
Document Class: article 2014/09/29 v1.4h Standard LaTeX document class
(/usr/local/texlive/2016/texmf-dist/tex/latex/base/size10.clo
File: size10.clo 2014/09/29 v1.4h Standard LaTeX file (size option)
)
\c@part=\count79
\c@section=\count80
\c@subsection=\count81
\c@subsubsection=\count82
\c@paragraph=\count83
\c@subparagraph=\count84
\c@figure=\count85
\c@table=\count86
\abovecaptionskip=\skip41
\belowcaptionskip=\skip42
\bibindent=\dimen102
)
No auxiliary output files.

\tabular@text=\toks14
\tabular@head=\toks15
\tabular@tail=\toks16
\@ta=\toks17
\undefined@token=\toks18
\sectionwidth=\dimen103
\sectionskip=\skip43
\resumewidth=\dimen104
\@columnwidth=\dimen105
\c@numberofcolumns=\count87
)
No file eccles_cv.aux.
LaTeX Font Info:    Checking defaults for OML/cmm/m/it on input line 28.
LaTeX Font Info:    ... okay on input line 28.
LaTeX Font Info:    Checking defaults for T1/cmr/m/n on input line 28.
LaTeX Font Info:    ... okay on input line 28.
LaTeX Font Info:    Checking defaults for OT1/cmr/m/n on input line 28.
LaTeX Font Info:    ... okay on input line 28.
LaTeX Font Info:    Checking defaults for OMS/cmsy/m/n on input line 28.
LaTeX Font Info:    ... okay on input line 28.
LaTeX Font Info:    Checking defaults for OMX/cmex/m/n on input line 28.
LaTeX Font Info:    ... okay on input line 28.
LaTeX Font Info:    Checking defaults for U/cmr/m/n on input line 28.
LaTeX Font Info:    ... okay on input line 28.
LaTeX Font Info:    External font `cmex10' loaded for size
(Font)              <7> on input line 38.
LaTeX Font Info:    External font `cmex10' loaded for size
(Font)              <5> on input line 38.

Overfull \hbox (15.07501pt too wide) in paragraph at lines 41--42
[]\OT1/cmr/m/it/10 Website: \OT1/cmr/m/n/10 https://kristineccles.wordpress.com
 
 []


Underfull \hbox (badness 10000) in paragraph at lines 98--100

 []


Underfull \hbox (badness 10000) in paragraph at lines 98--100

 []

Missing character: There is no ƒ in font cmr10!
Missing character: There is no á in font cmr10!
Missing character: There is no ƒ in font cmr10!
Missing character: There is no ç in font cmr10!
Missing character: There is no ƒ in font cmr10!
Missing character: There is no á in font cmr10!

Overfull \hbox (36.03987pt too wide) in paragraph at lines 101--102
\OT1/cmr/m/n/10 Priolo (east-ern Sicily, Italy). \OT1/cmr/m/it/10 Chemo-sphere\
OT1/cmr/m/n/10 , 333, 138802. https://doi.org/10.1016/j.chemosphere.2023.138802
 
 []


Underfull \hbox (badness 10000) in paragraph at lines 101--102

 []

[1

{/usr/local/texlive/2016/texmf-var/fonts/map/pdftex/updmap/pdftex.map}]
Overfull \hbox (18.51125pt too wide) in paragraph at lines 108--110
\OT1/cmr/m/n/10 (PEGS). \OT1/cmr/m/it/10 Jour-nal of ex-po-sure sci-ence & en-v
i-ron-men-tal epidemiology\OT1/cmr/m/n/10 .1-8. https://doi.org/10.1038/s41370-

 []


Overfull \hbox (6.42026pt too wide) in paragraph at lines 122--123
\OT1/cmr/m/n/10 bur-den.\OT1/cmr/m/it/10 Environmental Tox-i-col-ogy and Chem-i
stry\OT1/cmr/m/n/10 .39(12), 2516-2526. https://doi.org/10.1002/etc.4876 
 []

[2]
Missing character: There is no ‚ in font cmr10!
Missing character: There is no Ä in font cmr10!
Missing character: There is no ì in font cmr10!
Missing character: There is no ‚ in font cmr10!
Missing character: There is no Ä in font cmr10!
Missing character: There is no ì in font cmr10!
Missing character: There is no ‚ in font cmr10!
Missing character: There is no Ä in font cmr10!
Missing character: There is no ì in font cmr10!
Missing character: There is no √ in font cmr10!
Missing character: There is no ∏ in font cmr10!

Underfull \hbox (badness 10000) in paragraph at lines 150--152

 []

[3]
Underfull \hbox (badness 10000) in paragraph at lines 157--158

 []

[4]
Underfull \hbox (badness 10000) in paragraph at lines 236--261

 []

[5]
Underfull \hbox (badness 10000) in paragraph at lines 302--304

 []

[6] ) 
Here is how much of TeX's memory you used:
 300 strings out of 493014
 3197 string characters out of 6133351
 59827 words of memory out of 5000000
 3924 multiletter control sequences out of 15000+600000
 6412 words of font info for 23 fonts, out of 8000000 for 9000
 1141 hyphenation exceptions out of 8191
 29i,8n,21p,466b,167s stack positions out of 5000i,500n,10000p,200000b,80000s
</usr/local/texlive/2016/texmf-dist/fonts/type1/public/amsfonts/cm/cmbx10.
pfb></usr/local/texlive/2016/texmf-dist/fonts/type1/public/amsfonts/cm/cmbx12.p
fb></usr/local/texlive/2016/texmf-dist/fonts/type1/public/amsfonts/cm/cmcsc10.p
fb></usr/local/texlive/2016/texmf-dist/fonts/type1/public/amsfonts/cm/cmr10.pfb
></usr/local/texlive/2016/texmf-dist/fonts/type1/public/amsfonts/cm/cmr7.pfb></
usr/local/texlive/2016/texmf-dist/fonts/type1/public/amsfonts/cm/cmsy7.pfb></us
r/local/texlive/2016/texmf-dist/fonts/type1/public/amsfonts/cm/cmti10.pfb>
Output written on eccles_cv.pdf (6 pages, 120131 bytes).
PDF statistics:
 51 PDF objects out of 1000 (max. 8388607)
 35 compressed objects within 1 object stream
 0 named destinations out of 1000 (max. 500000)
 1 words of extra memory for PDF output out of 10000 (max. 10000000)

